This is pdfTeX, Version 3.1415926-2.4-1.40.13 (TeX Live 2012) (format=pdflatex 2013.4.2)  22 JUN 2014 17:14
entering extended mode
 restricted \write18 enabled.
 %&-line parsing enabled.
**v2-acmsmall-sample.tex
(./v2-acmsmall-sample.tex
LaTeX2e <2011/06/27>
Babel <v3.8m> and hyphenation patterns for english, dumylang, nohyphenation, ge
rman-x-2012-05-30, ngerman-x-2012-05-30, afrikaans, ancientgreek, ibycus, arabi
c, armenian, basque, bulgarian, catalan, pinyin, coptic, croatian, czech, danis
h, dutch, ukenglish, usenglishmax, esperanto, estonian, ethiopic, farsi, finnis
h, french, friulan, galician, german, ngerman, swissgerman, monogreek, greek, h
ungarian, icelandic, assamese, bengali, gujarati, hindi, kannada, malayalam, ma
rathi, oriya, panjabi, tamil, telugu, indonesian, interlingua, irish, italian, 
kurmanji, latin, latvian, lithuanian, mongolian, mongolianlmc, bokmal, nynorsk,
 piedmontese, polish, portuguese, romanian, romansh, russian, sanskrit, serbian
, serbianc, slovak, slovenian, spanish, swedish, turkish, turkmen, ukrainian, u
ppersorbian, welsh, loaded.
(./acmsmall.cls
Document Class: acmsmall 2012/03/05, fonts included on 28 June 2010
(./url.sty
\Urlmuskip=\muskip10
Package: url 2006/04/12  ver 3.3  Verb mode for urls, etc.
)
ACM, Production Font style: 2010/06/28 by Aptara

Using ACM, TECS option: 2010/05/04 by Aptara

(/usr/local/texlive/2012/texmf-dist/tex/latex/base/latexsym.sty
Package: latexsym 1998/08/17 v2.2e Standard LaTeX package (lasy symbols)
\symlasy=\mathgroup4
LaTeX Font Info:    Overwriting symbol font `lasy' in version `bold'
(Font)                  U/lasy/m/n --> U/lasy/b/n on input line 47.
)
(/usr/local/texlive/2012/texmf-dist/tex/latex/graphics/color.sty
Package: color 2005/11/14 v1.0j Standard LaTeX Color (DPC)

(/usr/local/texlive/2012/texmf-dist/tex/latex/latexconfig/color.cfg
File: color.cfg 2007/01/18 v1.5 color configuration of teTeX/TeXLive
)
Package color Info: Driver file: pdftex.def on input line 130.

(/usr/local/texlive/2012/texmf-dist/tex/latex/pdftex-def/pdftex.def
File: pdftex.def 2011/05/27 v0.06d Graphics/color for pdfTeX

(/usr/local/texlive/2012/texmf-dist/tex/generic/oberdiek/infwarerr.sty
Package: infwarerr 2010/04/08 v1.3 Providing info/warning/error messages (HO)
)
(/usr/local/texlive/2012/texmf-dist/tex/generic/oberdiek/ltxcmds.sty
Package: ltxcmds 2011/11/09 v1.22 LaTeX kernel commands for general use (HO)
)
\Gread@gobject=\count79
))
(/usr/local/texlive/2012/texmf-dist/tex/latex/graphics/graphicx.sty
Package: graphicx 1999/02/16 v1.0f Enhanced LaTeX Graphics (DPC,SPQR)

(/usr/local/texlive/2012/texmf-dist/tex/latex/graphics/keyval.sty
Package: keyval 1999/03/16 v1.13 key=value parser (DPC)
\KV@toks@=\toks14
)
(/usr/local/texlive/2012/texmf-dist/tex/latex/graphics/graphics.sty
Package: graphics 2009/02/05 v1.0o Standard LaTeX Graphics (DPC,SPQR)

(/usr/local/texlive/2012/texmf-dist/tex/latex/graphics/trig.sty
Package: trig 1999/03/16 v1.09 sin cos tan (DPC)
)
(/usr/local/texlive/2012/texmf-dist/tex/latex/latexconfig/graphics.cfg
File: graphics.cfg 2010/04/23 v1.9 graphics configuration of TeX Live
)
Package graphics Info: Driver file: pdftex.def on input line 91.
)
\Gin@req@height=\dimen102
\Gin@req@width=\dimen103
)
Document Class `acmsmall' Electronic Submissions v1.4 <July 09, 2012> (ACM).
\@firstpg=\count80
\@lastpg=\count81
\trimheight=\dimen104
\trimwidth=\dimen105
\normaltextheight=\dimen106
\tempdimen=\dimen107
\tempbox=\box26
\tbbox=\box27
\tabledim=\dimen108
\symnewlargesymbols=\mathgroup5
LaTeX Font Info:    Redeclaring math symbol \bigsqcup on input line 2037.
\normalparindent=\dimen109
\footheight=\skip41
\@maxsep=\skip42
\@dblmaxsep=\skip43
\@totalpg=\count82
\@abstract=\box28
\@permissionbox=\box29
\c@part=\count83
\c@section=\count84
\c@subsection=\count85
\c@subsubsection=\count86
\c@paragraph=\count87
\enumdim=\dimen110
\c@theorem=\count88
\belowcaptionskip=\skip44
\abovecaptionskip=\skip45
\c@figure=\count89
\c@table=\count90
\@narrowfig=\dimen111
\@nfigbox=\box30
\@nfcapbox=\box31
\@nfigbox=\box32
\@nfcapbox=\box33
\bibindent=\dimen112
LaTeX Font Info:    Overwriting math alphabet `\mathbb' in version `normal'
(Font)                  OT1/ams/bx/n --> OT1/ams/bx/n on input line 3619.
LaTeX Font Info:    Overwriting math alphabet `\mathbb' in version `bold'
(Font)                  OT1/ams/bx/n --> OT1/ams/bx/n on input line 3620.
) (./algorithm2e.sty
Package: algorithm2e 2008/00/00 v3.10 algorithms environments
\c@AlgoLine=\count91

(/usr/local/texlive/2012/texmf-dist/tex/latex/base/ifthen.sty
Package: ifthen 2001/05/26 v1.1c Standard LaTeX ifthen package (DPC)
)
(/usr/local/texlive/2012/texmf-dist/tex/latex/tools/xspace.sty
Package: xspace 2009/10/20 v1.13 Space after command names (DPC,MH)
)
(/usr/local/texlive/2012/texmf-dist/tex/latex/relsize/relsize.sty
Package: relsize 2011/09/21 ver 4.0

Examine \normalsize starts \@setfontsize size may be \@xpt. 
Examine \small starts \@setfontsize size may be \@ixpt. 
Examine \footnotesize starts \@setfontsize size may be \@viiipt. 
Examine \large starts \@setfontsize size may be \@xiipt. 
Examine \Large starts \@setfontsize size may be \@xivpt. 
Examine \LARGE starts \@setfontsize size may be \@xviipt. 
Examine \scriptsize starts \@setfontsize size may be \@viipt. 
Examine \tiny starts \@setfontsize size may be \@vpt. 
Examine \huge starts \@setfontsize size may be \@xxpt. 
Examine \Huge starts \@setfontsize size may be \@xxvpt. )
********************************************************
Package `algorithm2e' Release 4.01 -- december 14 2009 --
- algorithm2e-announce@lirmm.fr mailing list for announcement about releases
- algorithm2e-discussion@lirmm.fr mailing list for discussion about package
subscribe by emailing sympa@lirmm.fr with 'subscribe <list> <firstname name>'
- Author: Christophe Fiorio (fiorio@lirmm.fr)
********************************************************
\skiptotal=\skip46
\skiplinenumber=\skip47
\skiprule=\skip48
\skiphlne=\skip49
\skiptext=\skip50
\skiplength=\skip51
\algomargin=\skip52
\skipalgocfslide=\skip53
\algowidth=\dimen113
\inoutsize=\dimen114
\inoutline=\dimen115
\interspacetitleruled=\dimen116
\interspacealgoruled=\dimen117
\interspacetitleboxruled=\dimen118
\algocf@inoutbox=\box34
\algocf@inputbox=\box35
\AlCapSkip=\skip54
\AlCapHSkip=\skip55
\algocf@nlbox=\box36
\algocf@hangingbox=\box37
\algocf@capbox=\box38
\algoheightruledefault=\skip56
\algoheightrule=\skip57
\algotitleheightruledefault=\skip58
\algotitleheightrule=\skip59
\c@algocfline=\count92
\c@algocfproc=\count93
\c@algocf=\count94
\algocf@algoframe=\box39
\algocf@algobox=\box40
) (/usr/local/texlive/2012/texmf-dist/tex/latex/easylist/easylist.sty
Package: easylist 2010/02/28 v.1.3 Numbered items with a single command.
\el@CounterTotal=\count95
\el@Scratch=\count96
\el@ControlCounter=\count97
\el@CounterLevel=\count98
\c@List1=\count99
\c@List2=\count100
\c@List3=\count101
\c@List4=\count102
\c@List5=\count103
\c@List6=\count104
\c@List7=\count105
\c@List8=\count106
\c@List9=\count107
\c@List10=\count108
\el@ProgressiveDimension=\dimen119
\el@CounterBox=\box41
\el@ControlBox=\box42
\el@TotalMargin=\dimen120
\el@LeftMove=\dimen121
)
(/usr/local/texlive/2012/texmf-dist/tex/latex/natbib/natbib.sty
Package: natbib 2010/09/13 8.31b (PWD, AO)
\bibhang=\skip60
\bibsep=\skip61
LaTeX Info: Redefining \cite on input line 694.
\c@NAT@ctr=\count109
)
(/usr/local/texlive/2012/texmf-dist/tex/latex/hyperref/hyperref.sty
Package: hyperref 2012/11/06 v6.83m Hypertext links for LaTeX

(/usr/local/texlive/2012/texmf-dist/tex/generic/oberdiek/hobsub-hyperref.sty
Package: hobsub-hyperref 2012/05/28 v1.13 Bundle oberdiek, subset hyperref (HO)


(/usr/local/texlive/2012/texmf-dist/tex/generic/oberdiek/hobsub-generic.sty
Package: hobsub-generic 2012/05/28 v1.13 Bundle oberdiek, subset generic (HO)
Package: hobsub 2012/05/28 v1.13 Construct package bundles (HO)
Package hobsub Info: Skipping package `infwarerr' (already loaded).
Package hobsub Info: Skipping package `ltxcmds' (already loaded).
Package: ifluatex 2010/03/01 v1.3 Provides the ifluatex switch (HO)
Package ifluatex Info: LuaTeX not detected.
Package: ifvtex 2010/03/01 v1.5 Detect VTeX and its facilities (HO)
Package ifvtex Info: VTeX not detected.
Package: intcalc 2007/09/27 v1.1 Expandable calculations with integers (HO)
Package: ifpdf 2011/01/30 v2.3 Provides the ifpdf switch (HO)
Package ifpdf Info: pdfTeX in PDF mode is detected.
Package: etexcmds 2011/02/16 v1.5 Avoid name clashes with e-TeX commands (HO)
Package etexcmds Info: Could not find \expanded.
(etexcmds)             That can mean that you are not using pdfTeX 1.50 or
(etexcmds)             that some package has redefined \expanded.
(etexcmds)             In the latter case, load this package earlier.
Package: kvsetkeys 2012/04/25 v1.16 Key value parser (HO)
Package: kvdefinekeys 2011/04/07 v1.3 Define keys (HO)
Package: pdftexcmds 2011/11/29 v0.20 Utility functions of pdfTeX for LuaTeX (HO
)
Package pdftexcmds Info: LuaTeX not detected.
Package pdftexcmds Info: \pdf@primitive is available.
Package pdftexcmds Info: \pdf@ifprimitive is available.
Package pdftexcmds Info: \pdfdraftmode found.
Package: pdfescape 2011/11/25 v1.13 Implements pdfTeX's escape features (HO)
Package: bigintcalc 2012/04/08 v1.3 Expandable calculations on big integers (HO
)
Package: bitset 2011/01/30 v1.1 Handle bit-vector datatype (HO)
Package: uniquecounter 2011/01/30 v1.2 Provide unlimited unique counter (HO)
)
Package hobsub Info: Skipping package `hobsub' (already loaded).
Package: letltxmacro 2010/09/02 v1.4 Let assignment for LaTeX macros (HO)
Package: hopatch 2012/05/28 v1.2 Wrapper for package hooks (HO)
Package: xcolor-patch 2011/01/30 xcolor patch
Package: atveryend 2011/06/30 v1.8 Hooks at the very end of document (HO)
Package atveryend Info: \enddocument detected (standard20110627).
Package: atbegshi 2011/10/05 v1.16 At begin shipout hook (HO)
Package: refcount 2011/10/16 v3.4 Data extraction from label references (HO)
Package: hycolor 2011/01/30 v1.7 Color options for hyperref/bookmark (HO)
)
(/usr/local/texlive/2012/texmf-dist/tex/generic/ifxetex/ifxetex.sty
Package: ifxetex 2010/09/12 v0.6 Provides ifxetex conditional
)
(/usr/local/texlive/2012/texmf-dist/tex/latex/oberdiek/auxhook.sty
Package: auxhook 2011/03/04 v1.3 Hooks for auxiliary files (HO)
)
(/usr/local/texlive/2012/texmf-dist/tex/latex/oberdiek/kvoptions.sty
Package: kvoptions 2011/06/30 v3.11 Key value format for package options (HO)
)
\@linkdim=\dimen122
\Hy@linkcounter=\count110
\Hy@pagecounter=\count111

(/usr/local/texlive/2012/texmf-dist/tex/latex/hyperref/pd1enc.def
File: pd1enc.def 2012/11/06 v6.83m Hyperref: PDFDocEncoding definition (HO)
)
\Hy@SavedSpaceFactor=\count112

(/usr/local/texlive/2012/texmf-dist/tex/latex/latexconfig/hyperref.cfg
File: hyperref.cfg 2002/06/06 v1.2 hyperref configuration of TeXLive
)
Package hyperref Info: Hyper figures OFF on input line 4443.
Package hyperref Info: Link nesting OFF on input line 4448.
Package hyperref Info: Hyper index ON on input line 4451.
Package hyperref Info: Plain pages OFF on input line 4458.
Package hyperref Info: Backreferencing OFF on input line 4463.
Package hyperref Info: Implicit mode ON; LaTeX internals redefined.
Package hyperref Info: Bookmarks ON on input line 4688.
\c@Hy@tempcnt=\count113
LaTeX Info: Redefining \url on input line 5041.
\XeTeXLinkMargin=\dimen123
\Fld@menulength=\count114
\Field@Width=\dimen124
\Fld@charsize=\dimen125
Package hyperref Info: Hyper figures OFF on input line 6295.
Package hyperref Info: Link nesting OFF on input line 6300.
Package hyperref Info: Hyper index ON on input line 6303.
Package hyperref Info: backreferencing OFF on input line 6310.
Package hyperref Info: Link coloring OFF on input line 6315.
Package hyperref Info: Link coloring with OCG OFF on input line 6320.
Package hyperref Info: PDF/A mode OFF on input line 6325.
LaTeX Info: Redefining \ref on input line 6365.
LaTeX Info: Redefining \pageref on input line 6369.
\Hy@abspage=\count115
\c@Item=\count116
\c@Hfootnote=\count117
)

Package hyperref Message: Driver (autodetected): hpdftex.

(/usr/local/texlive/2012/texmf-dist/tex/latex/hyperref/hpdftex.def
File: hpdftex.def 2012/11/06 v6.83m Hyperref driver for pdfTeX
\Fld@listcount=\count118
\c@bookmark@seq@number=\count119

(/usr/local/texlive/2012/texmf-dist/tex/latex/oberdiek/rerunfilecheck.sty
Package: rerunfilecheck 2011/04/15 v1.7 Rerun checks for auxiliary files (HO)
Package uniquecounter Info: New unique counter `rerunfilecheck' on input line 2
82.
)
\Hy@SectionHShift=\skip62
)
(/usr/local/texlive/2012/texmf-dist/tex/latex/caption/caption.sty
Package: caption 2013/02/03 v3.3-65 Customizing captions (AR)

(/usr/local/texlive/2012/texmf-dist/tex/latex/caption/caption3.sty
Package: caption3 2013/02/03 v1.5-62 caption3 kernel (AR)
\captionmargin=\dimen126
\captionmargin@=\dimen127
\captionwidth=\dimen128
\caption@tempdima=\dimen129
\caption@indent=\dimen130
\caption@parindent=\dimen131
\caption@hangindent=\dimen132
Package caption Info: Unknown document class (or package),
(caption)             standard defaults will be used.
)

Package caption Warning: Unsupported document class (or package) detected,
(caption)                usage of the caption package is not recommended.
See the caption package documentation for explanation.

Package caption Info: \@makecaption = \long macro:#1#2->\ifx \FigName \@captype
 \baselineskip 10pt \vskip \abovecaptionskip \setbox \@tempboxa \hbox {\figcapt
ionfont {\figcaptionnumfont #1}.\hskip 7.3pt\relax #2\par }\ifdim \wd \@tempbox
a >\hsize \figcaptionfont {\figcaptionnumfont #1}.\hskip 7.3pt\relax #2\par \el
se \centerline {\box \@tempboxa }\fi \else \setbox \tbbox =\vbox {\hsize \tempd
imen \tablecaptionfont {\tablenumfont #1.\ }{#2\par }}\setbox \@tempboxa \hbox 
{\hsize \tempdimen \tablecaptionfont {\tablenumfont #1.}\ {#2\par }}\ifdim \wd 
\@tempboxa >\tempdimen \centerline {\box \tbbox }\else \centerline {\box \@temp
boxa }\fi \vskip \belowcaptionskip \fi .
\c@ContinuedFloat=\count120
Package caption Info: hyperref package is loaded.
) (/usr/local/texlive/2012/texmf-dist/tex/latex/caption/subcaption.sty
Package: subcaption 2013/02/03 v1.1-62 Sub-captions (AR)
\c@subfigure=\count121
\c@subtable=\count122
)
(/usr/local/texlive/2012/texmf-dist/tex/latex/csquotes/csquotes.sty
Package: csquotes 2011/10/22 v5.1d context-sensitive quotations

(/usr/local/texlive/2012/texmf-dist/tex/latex/etoolbox/etoolbox.sty
Package: etoolbox 2011/01/03 v2.1 e-TeX tools for LaTeX

(/usr/local/texlive/2012/texmf-dist/tex/latex/etex-pkg/etex.sty
Package: etex 1998/03/26 v2.0 eTeX basic definition package (PEB)
\et@xins=\count123
)
\etb@tempcnta=\count124
)
\csq@reset=\count125
\csq@gtype=\count126
\csq@glevel=\count127
\csq@qlevel=\count128
\csq@maxlvl=\count129
\csq@tshold=\count130
\csq@ltx@everypar=\toks15

(/usr/local/texlive/2012/texmf-dist/tex/latex/csquotes/csquotes.def
File: csquotes.def 2011/10/22 v5.1d csquotes generic definitions
)
Package csquotes Info: Trying to load configuration file 'csquotes.cfg'...
Package csquotes Info: ... configuration file loaded successfully.

(/usr/local/texlive/2012/texmf-dist/tex/latex/csquotes/csquotes.cfg
File: csquotes.cfg 
))
(/usr/local/texlive/2012/texmf-dist/tex/latex/pdfpages/pdfpages.sty
Package: pdfpages 2012/08/31 v0.4t Insert pages of external PDF documents (AM)

(/usr/local/texlive/2012/texmf-dist/tex/latex/tools/calc.sty
Package: calc 2007/08/22 v4.3 Infix arithmetic (KKT,FJ)
\calc@Acount=\count131
\calc@Bcount=\count132
\calc@Adimen=\dimen133
\calc@Bdimen=\dimen134
\calc@Askip=\skip63
\calc@Bskip=\skip64
LaTeX Info: Redefining \setlength on input line 76.
LaTeX Info: Redefining \addtolength on input line 77.
\calc@Ccount=\count133
\calc@Cskip=\skip65
)
(/usr/local/texlive/2012/texmf-dist/tex/latex/eso-pic/eso-pic.sty
Package: eso-pic 2010/10/06 v2.0c eso-pic (RN)
)
(/usr/local/texlive/2012/texmf-dist/tex/latex/pdfpages/pppdftex.def
File: pppdftex.def 2012/08/31 v0.4t Pdfpages driver for pdfTeX (AM)
)
\AM@pagebox=\box43
\AM@toc@title=\toks16
\c@AM@survey=\count134
\AM@templatesizebox=\box44
)
(/usr/local/texlive/2012/texmf-dist/tex/latex/listings/listings.sty
\lst@mode=\count135
\lst@gtempboxa=\box45
\lst@token=\toks17
\lst@length=\count136
\lst@currlwidth=\dimen135
\lst@column=\count137
\lst@pos=\count138
\lst@lostspace=\dimen136
\lst@width=\dimen137
\lst@newlines=\count139
\lst@lineno=\count140
\lst@maxwidth=\dimen138

(/usr/local/texlive/2012/texmf-dist/tex/latex/listings/lstmisc.sty
File: lstmisc.sty 2007/02/22 1.4 (Carsten Heinz)
\c@lstnumber=\count141
\lst@skipnumbers=\count142
\lst@framebox=\box46
)
(/usr/local/texlive/2012/texmf-dist/tex/latex/listings/listings.cfg
File: listings.cfg 2007/02/22 1.4 listings configuration
))
Package: listings 2007/02/22 1.4 (Carsten Heinz)
Package csquotes Info: Checking for multilingual support...
Package csquotes Info: ... none found.

(./v2-acmsmall-sample.aux)
\openout1 = `v2-acmsmall-sample.aux'.

LaTeX Font Info:    Checking defaults for OML/cmm/m/it on input line 44.
LaTeX Font Info:    ... okay on input line 44.
LaTeX Font Info:    Checking defaults for T1/cmr/m/n on input line 44.
LaTeX Font Info:    ... okay on input line 44.
LaTeX Font Info:    Checking defaults for OT1/cmr/m/n on input line 44.
LaTeX Font Info:    ... okay on input line 44.
LaTeX Font Info:    Checking defaults for OMS/cmsy/m/n on input line 44.
LaTeX Font Info:    ... okay on input line 44.
LaTeX Font Info:    Checking defaults for OMX/cmex/m/n on input line 44.
LaTeX Font Info:    ... okay on input line 44.
LaTeX Font Info:    Checking defaults for U/cmr/m/n on input line 44.
LaTeX Font Info:    ... okay on input line 44.
LaTeX Font Info:    Checking defaults for PD1/pdf/m/n on input line 44.
LaTeX Font Info:    ... okay on input line 44.
LaTeX Font Info:    Try loading font information for OT1+pnc on input line 44.

(/usr/local/texlive/2012/texmf-dist/tex/latex/psnfss/ot1pnc.fd
File: ot1pnc.fd 2001/06/04 font definitions for OT1/pnc.
)
(/usr/local/texlive/2012/texmf-dist/tex/context/base/supp-pdf.mkii
[Loading MPS to PDF converter (version 2006.09.02).]
\scratchcounter=\count143
\scratchdimen=\dimen139
\scratchbox=\box47
\nofMPsegments=\count144
\nofMParguments=\count145
\everyMPshowfont=\toks18
\MPscratchCnt=\count146
\MPscratchDim=\dimen140
\MPnumerator=\count147
\makeMPintoPDFobject=\count148
\everyMPtoPDFconversion=\toks19
) (/usr/local/texlive/2012/texmf-dist/tex/latex/oberdiek/epstopdf-base.sty
Package: epstopdf-base 2010/02/09 v2.5 Base part for package epstopdf

(/usr/local/texlive/2012/texmf-dist/tex/latex/oberdiek/grfext.sty
Package: grfext 2010/08/19 v1.1 Manage graphics extensions (HO)
)
Package grfext Info: Graphics extension search list:
(grfext)             [.png,.pdf,.jpg,.mps,.jpeg,.jbig2,.jb2,.PNG,.PDF,.JPG,.JPE
G,.JBIG2,.JB2,.eps]
(grfext)             \AppendGraphicsExtensions on input line 452.

(/usr/local/texlive/2012/texmf-dist/tex/latex/latexconfig/epstopdf-sys.cfg
File: epstopdf-sys.cfg 2010/07/13 v1.3 Configuration of (r)epstopdf for TeX Liv
e
))
\AtBeginShipoutBox=\box48
Package hyperref Info: Link coloring OFF on input line 44.

(/usr/local/texlive/2012/texmf-dist/tex/latex/hyperref/nameref.sty
Package: nameref 2012/10/27 v2.43 Cross-referencing by name of section

(/usr/local/texlive/2012/texmf-dist/tex/generic/oberdiek/gettitlestring.sty
Package: gettitlestring 2010/12/03 v1.4 Cleanup title references (HO)
)
\c@section@level=\count149
)
LaTeX Info: Redefining \ref on input line 44.
LaTeX Info: Redefining \pageref on input line 44.
LaTeX Info: Redefining \nameref on input line 44.

(./v2-acmsmall-sample.out) (./v2-acmsmall-sample.out)
\@outlinefile=\write3
\openout3 = `v2-acmsmall-sample.out'.

Package caption Info: Begin \AtBeginDocument code.
Package caption Info: listings package is loaded.
Package caption Info: End \AtBeginDocument code.
\c@lstlisting=\count150
LaTeX Font Info:    External font `cmex10' loaded for size
(Font)              <8> on input line 91.
LaTeX Font Info:    External font `cmex10' loaded for size
(Font)              <6> on input line 91.
LaTeX Font Info:    External font `cmex10' loaded for size
(Font)              <5> on input line 91.
LaTeX Font Info:    Try loading font information for U+lasy on input line 91.

(/usr/local/texlive/2012/texmf-dist/tex/latex/base/ulasy.fd
File: ulasy.fd 1998/08/17 v2.2e LaTeX symbol font definitions
)
LaTeX Font Info:    Try loading font information for OMS+pnc on input line 91.

(/usr/local/texlive/2012/texmf-dist/tex/latex/psnfss/omspnc.fd
File: omspnc.fd 
)
LaTeX Font Info:    Font shape `OMS/pnc/m/n' in size <8> not available
(Font)              Font shape `OMS/cmsy/m/n' tried instead on input line 91.
LaTeX Font Info:    Try loading font information for OT1+phv on input line 94.

(/usr/local/texlive/2012/texmf-dist/tex/latex/psnfss/ot1phv.fd
File: ot1phv.fd 2001/06/04 scalable font definitions for OT1/phv.
)
LaTeX Font Info:    Font shape `OT1/phv/bx/n' in size <12> not available
(Font)              Font shape `OT1/phv/b/n' tried instead on input line 94.
LaTeX Font Info:    Font shape `OT1/pnc/bx/n' in size <8> not available
(Font)              Font shape `OT1/pnc/b/n' tried instead on input line 94.
LaTeX Font Info:    Font shape `OT1/phv/bx/n' in size <9> not available
(Font)              Font shape `OT1/phv/b/n' tried instead on input line 96.

Underfull \vbox (badness 10000) has occurred while \output is active []


Overfull \vbox (72.27pt too high) has occurred while \output is active []

 [1{/usr/local/texlive/2012/texmf-var/fonts/map/pdftex/updmap/pdftex.map}
Non-PDF special ignored!

]
LaTeX Font Info:    Font shape `OMS/pnc/m/n' in size <10> not available
(Font)              Font shape `OMS/cmsy/m/n' tried instead on input line 109.

Underfull \vbox (badness 10000) has occurred while \output is active []

 [2]
Underfull \vbox (badness 10000) has occurred while \output is active []

 [3]
LaTeX Font Info:    Font shape `OT1/pnc/bx/n' in size <10> not available
(Font)              Font shape `OT1/pnc/b/n' tried instead on input line 168.

Underfull \vbox (badness 10000) has occurred while \output is active []

 [4]
LaTeX Font Info:    Font shape `OT1/phv/m/it' in size <9> not available
(Font)              Font shape `OT1/phv/m/sl' tried instead on input line 189.

Underfull \vbox (badness 10000) has occurred while \output is active []

 [5]
Underfull \vbox (badness 10000) has occurred while \output is active []

 [6]
[7] <./images/edinbus.png, id=453, 642.4pt x 963.6pt>
File: ./images/edinbus.png Graphic file (type png)

<use ./images/edinbus.png>
Package pdftex.def Info: ./images/edinbus.png used on input line 287.
(pdftex.def)             Requested size: 158.39758pt x 237.59116pt.
 <./images/lothian.png, id=455, 642.4pt x 963.6pt>
File: ./images/lothian.png Graphic file (type png)

<use ./images/lothian.png>
Package pdftex.def Info: ./images/lothian.png used on input line 293.
(pdftex.def)             Requested size: 158.39758pt x 237.59116pt.
 [8 <./images/edinbus.png> <./images/lothian.png>]
[9]
Underfull \vbox (badness 10000) has occurred while \output is active []

 [10]
[11] [12] <./images/sysArc.png, id=511, 561.09625pt x 404.51125pt>
File: ./images/sysArc.png Graphic file (type png)

<use ./images/sysArc.png>
Package pdftex.def Info: ./images/sysArc.png used on input line 419.
(pdftex.def)             Requested size: 277.19879pt x 199.83556pt.
 [13 <./images/sysArc.png>]
Underfull \vbox (badness 10000) has occurred while \output is active []

 [14]
Underfull \vbox (badness 10000) has occurred while \output is active []

 [15]
[16] [17]
Underfull \vbox (badness 10000) has occurred while \output is active []

 [18]
Underfull \vbox (badness 10000) has occurred while \output is active []

 [19]
Underfull \vbox (badness 3068) has occurred while \output is active []

 [20]
Underfull \vbox (badness 10000) has occurred while \output is active []

 [21]
<./images/interaction.png, id=598, 1542.76375pt x 555.07375pt>
File: ./images/interaction.png Graphic file (type png)

<use ./images/interaction.png>
Package pdftex.def Info: ./images/interaction.png used on input line 654.
(pdftex.def)             Requested size: 396.0pt x 142.47783pt.
 [22 <./images/interaction.png>] [23]
<./images/schema.png, id=620, 484.81125pt x 256.96pt>
File: ./images/schema.png Graphic file (type png)

<use ./images/schema.png>
Package pdftex.def Info: ./images/schema.png used on input line 695.
(pdftex.def)             Requested size: 316.80121pt x 167.91989pt.
 [24 <./images/schema.png>]
Underfull \hbox (badness 10000) in paragraph at lines 725--729

 []

<./images/join.png, id=627, 258.9675pt x 83.31125pt>
File: ./images/join.png Graphic file (type png)
 <use ./images/join.png>
Package pdftex.def Info: ./images/join.png used on input line 734.
(pdftex.def)             Requested size: 198.0pt x 63.69983pt.

[25 <./images/join.png>] [26] [27]
Underfull \vbox (badness 2189) has occurred while \output is active []

 [28]
Underfull \vbox (badness 1960) has occurred while \output is active []

 [29]
<./images/meeting.jpg, id=654, 3276.24pt x 2457.18pt>
File: ./images/meeting.jpg Graphic file (type jpg)

<use ./images/meeting.jpg>
Package pdftex.def Info: ./images/meeting.jpg used on input line 871.
(pdftex.def)             Requested size: 198.0pt x 148.47426pt.
 <./images/peter.jpg, id=655, 3276.24pt x 2457.18pt>
File: ./images/peter.jpg Graphic file (type jpg)

<use ./images/peter.jpg>
Package pdftex.def Info: ./images/peter.jpg used on input line 877.
(pdftex.def)             Requested size: 198.0pt x 148.47426pt.

Underfull \hbox (badness 2261) in paragraph at lines 878--878
[]\OT1/pnc/m/n/10 Fig. 6: |A blind user tests the use of
 []


Overfull \hbox (18.46632pt too wide) in paragraph at lines 869--880
[][]   [] 
 []

[30 <./images/meeting.jpg> <./images/peter.jpg>]
<./images/favFlow.png, id=661, 2007.5pt x 617.30624pt>
File: ./images/favFlow.png Graphic file (type png)

<use ./images/favFlow.png>
Package pdftex.def Info: ./images/favFlow.png used on input line 901.
(pdftex.def)             Requested size: 396.0pt x 121.76358pt.
 [31 <./images/favFlow.png>]
<./images/busStopNames.png, id=671, 835.12pt x 276.03125pt>
File: ./images/busStopNames.png Graphic file (type png)

<use ./images/busStopNames.png>
Package pdftex.def Info: ./images/busStopNames.png used on input line 923.
(pdftex.def)             Requested size: 396.0pt x 130.89296pt.

Overfull \hbox (6.79999pt too wide) in paragraph at lines 923--924
 [][] 
 []

[32 <./images/busStopNames.png>]
<./images/group.jpg, id=678, 3276.24pt x 2136.98375pt>
File: ./images/group.jpg Graphic file (type jpg)

<use ./images/group.jpg>
Package pdftex.def Info: ./images/group.jpg used on input line 946.
(pdftex.def)             Requested size: 198.0pt x 129.12651pt.

<./images/group2.jpg, id=679, 3276.24pt x 2136.98375pt>
File: ./images/group2.jpg Graphic file (type jpg)

<use ./images/group2.jpg>
Package pdftex.def Info: ./images/group2.jpg used on input line 951.
(pdftex.def)             Requested size: 198.0pt x 129.12651pt.

Overfull \hbox (18.46632pt too wide) in paragraph at lines 944--953
[][]   [] 
 []

<./images/searchFlow.png, id=680, 2007.5pt x 617.30624pt>
File: ./images/searchFlow.png Graphic file (type png)

<use ./images/searchFlow.png>
Package pdftex.def Info: ./images/searchFlow.png used on input line 967.
(pdftex.def)             Requested size: 396.0pt x 121.76358pt.
 [33 <./images/group.jpg> <./images/group2.jpg>]
<./images/smoothGraph.png, id=687, 1001.6622pt x 583.2189pt>
File: ./images/smoothGraph.png Graphic file (type png)

<use ./images/smoothGraph.png>
Package pdftex.def Info: ./images/smoothGraph.png used on input line 987.
(pdftex.def)             Requested size: 396.0pt x 230.56917pt.


LaTeX Warning: `!h' float specifier changed to `!ht'.

[34 <./images/searchFlow.png>]
Underfull \vbox (badness 10000) has occurred while \output is active []

 [35 <./images/smoothGraph.png>] <./images/tb1.png, id=704, 642.4pt x 963.6pt>
File: ./images/tb1.png Graphic file (type png)

<use ./images/tb1.png>
Package pdftex.def Info: ./images/tb1.png used on input line 1036.
(pdftex.def)             Requested size: 138.5994pt x 207.89043pt.
 <./images/lb1.png, id=705, 642.4pt x 963.6pt>
File: ./images/lb1.png Graphic file (type png)

<use ./images/lb1.png>
Package pdftex.def Info: ./images/lb1.png used on input line 1041.
(pdftex.def)             Requested size: 138.5994pt x 207.89043pt.

Overfull \hbox (2.11998pt too wide) in paragraph at lines 1034--1043
[][]  [] 
 []


LaTeX Warning: `!h' float specifier changed to `!ht'.

<./images/tb2.png, id=706, 642.4pt x 963.6pt>
File: ./images/tb2.png Graphic file (type png)
 <use ./images/tb2.png>
Package pdftex.def Info: ./images/tb2.png used on input line 1058.
(pdftex.def)             Requested size: 138.5994pt x 207.89043pt.

<./images/lb2.png, id=707, 642.4pt x 963.6pt>
File: ./images/lb2.png Graphic file (type png)
 <use ./images/lb2.png>
Package pdftex.def Info: ./images/lb2.png used on input line 1063.
(pdftex.def)             Requested size: 138.5994pt x 207.89043pt.

Overfull \hbox (2.11998pt too wide) in paragraph at lines 1056--1065
[][]  [] 
 []


LaTeX Warning: `h' float specifier changed to `ht'.

[36]
Underfull \vbox (badness 4193) has occurred while \output is active []

 [37 <./images/tb1.png> <./images/lb1.png> <./images/tb2.png> <./images/lb2.png
>]
<./images/tb3.png, id=723, 642.4pt x 963.6pt>
File: ./images/tb3.png Graphic file (type png)
 <use ./images/tb3.png>
Package pdftex.def Info: ./images/tb3.png used on input line 1080.
(pdftex.def)             Requested size: 138.5994pt x 207.89043pt.

<./images/lb3.png, id=724, 642.4pt x 963.6pt>
File: ./images/lb3.png Graphic file (type png)
 <use ./images/lb3.png>
Package pdftex.def Info: ./images/lb3.png used on input line 1085.
(pdftex.def)             Requested size: 138.5994pt x 207.89043pt.

Overfull \hbox (2.11998pt too wide) in paragraph at lines 1078--1087
[][]  [] 
 []

<./images/iSim_all.png, id=725, 250.9375pt x 311.1625pt>
File: ./images/iSim_all.png Graphic file (type png)

<use ./images/iSim_all.png>
Package pdftex.def Info: ./images/iSim_all.png used on input line 1097.
(pdftex.def)             Requested size: 250.93687pt x 311.16174pt.
 [38 <./images/tb3.png> <./images/lb3.png>]
Underfull \vbox (badness 10000) has occurred while \output is active []

 [39 <./images/iSim_all.png>] [40] <./images/rig.jpg, id=745, 2661.945pt x 1907
.125pt>
File: ./images/rig.jpg Graphic file (type jpg)

<use ./images/rig.jpg>
Package pdftex.def Info: ./images/rig.jpg used on input line 1144.
(pdftex.def)             Requested size: 198.0pt x 141.83508pt.

<./images/combined.png, id=746, 800.9925pt x 386.44376pt>
File: ./images/combined.png Graphic file (type png)

<use ./images/combined.png>
Package pdftex.def Info: ./images/combined.png used on input line 1156.
(pdftex.def)             Requested size: 277.19879pt x 133.736pt.


LaTeX Warning: `!h' float specifier changed to `!ht'.

[41 <./images/rig.jpg>]
<./images/combined2.png, id=753, 1601.985pt x 709.65125pt>
File: ./images/combined2.png Graphic file (type png)

<use ./images/combined2.png>
Package pdftex.def Info: ./images/combined2.png used on input line 1187.
(pdftex.def)             Requested size: 277.19879pt x 122.79396pt.


LaTeX Warning: `!h' float specifier changed to `!ht'.


Underfull \vbox (badness 2772) has occurred while \output is active []

 [42 <./images/combined.png>] [43 <./images/combined2.png>]
Underfull \vbox (badness 10000) has occurred while \output is active []

 [44]
<./images/chart_1.png, id=771, 496.85625pt x 241.90375pt>
File: ./images/chart_1.png Graphic file (type png)

<use ./images/chart_1.png>
Package pdftex.def Info: ./images/chart_1.png used on input line 1244.
(pdftex.def)             Requested size: 356.39758pt x 173.52092pt.

<./images/chart_2.png, id=772, 496.85625pt x 241.90375pt>
File: ./images/chart_2.png Graphic file (type png)

<use ./images/chart_2.png>
Package pdftex.def Info: ./images/chart_2.png used on input line 1250.
(pdftex.def)             Requested size: 356.39758pt x 173.52092pt.


LaTeX Warning: `!h' float specifier changed to `!ht'.

[45 <./images/chart_1.png>]
<./images/heatmap.png, id=781, 663.47874pt x 304.13625pt>
File: ./images/heatmap.png Graphic file (type png)

<use ./images/heatmap.png>
Package pdftex.def Info: ./images/heatmap.png used on input line 1267.
(pdftex.def)             Requested size: 396.0pt x 181.52716pt.

<./images/chart_3.png, id=782, 391.4625pt x 242.9075pt>
File: ./images/chart_3.png Graphic file (type png)

<use ./images/chart_3.png>
Package pdftex.def Info: ./images/chart_3.png used on input line 1274.
(pdftex.def)             Requested size: 396.0pt x 245.73491pt.


LaTeX Warning: `!h' float specifier changed to `!ht'.

[46 <./images/chart_2.png> <./images/heatmap.png>] [47 <./images/chart_3.png>]
Underfull \vbox (badness 10000) has occurred while \output is active []

 [48]
(./v2-acmsmall-sample.bbl
LaTeX Font Info:    External font `cmex10' loaded for size
(Font)              <7> on input line 42.

Underfull \hbox (badness 3219) in paragraph at lines 100--107
[]\OT1/pnc/m/n/10 Tracy An-der-son, Varunie Abey-war-dana, Jean Wolf, and Miche
lle Lee. 2013.
 []


Underfull \hbox (badness 3460) in paragraph at lines 100--107
\OT1/pnc/m/n/10 Na-tional Travel Sur-vey - GPS Fea-si-bil-ity Study (Fi-nal Re-
port).  (2013).
 []


Underfull \hbox (badness 10000) in paragraph at lines 100--107
[]$\OT1/pnc/m/n/10 https : / / www . gov . uk / government / uploads / system /
 uploads / attachment[]data / ^^Lle /
 []


Underfull \hbox (badness 2384) in paragraph at lines 121--128
[]\OT1/pnc/m/n/10 Apple Inc. 2012.  Ac-ces-si-bil-ity Pro-gram-ming Guide for i
OS - Sup-ply Ac-cu-
 []


Underfull \hbox (badness 3907) in paragraph at lines 121--128
\OT1/pnc/m/n/10 rate and Help-ful At-tribute In-for-ma-tion.  (2012).  []$https
 : / / developer . apple .
 []


Underfull \hbox (badness 10000) in paragraph at lines 121--128
\OT1/pnc/m/n/10 com / library / ios / documentation / userexperience / conceptu
al / iPhoneAccessibility /
 []


Underfull \hbox (badness 10000) in paragraph at lines 121--128
\OT1/pnc/m/n/10 Making[]Application[]Accessible / Making[]Application[]Accessib
le . html # /apple[]ref / doc /
 []

[49]
Underfull \hbox (badness 10000) in paragraph at lines 173--179
\OT1/pnc/m/n/10 mckinsey / dotcom / client[]service / High % 20Tech / PDFs / Ma
king[]smartphones[]brilliant[]
 []


Underfull \vbox (badness 10000) has occurred while \output is active []

 [50]
Underfull \hbox (badness 1365) in paragraph at lines 336--342
[]\OT1/pnc/m/n/10 Lothian Buses. 2013.  Wi-Fi on our buses.  (2013).  []$http :
 / / lothianbuses . com /
 []


Underfull \hbox (badness 2035) in paragraph at lines 357--363
[]\OT1/pnc/m/n/10 Stuart Lowrie. 2012.  Real-time pas-sen-ger in-for-ma-tion in
 Ed-in-burgh - Bus-
 []


Underfull \hbox (badness 2556) in paragraph at lines 379--388
[]\OT1/pnc/m/n/10 Felix Mata, An-dres Jaramillo, and Christophe Clara-munt. 201
1.  A Mo-bile
 []


Underfull \hbox (badness 3128) in paragraph at lines 379--388
\OT1/pnc/m/n/10 Nav-i-ga-tion and Ori-en-ta-tion Sys-tem for Blind Users in a M
etrobus En-vi-
 []


Underfull \hbox (badness 1748) in paragraph at lines 379--388
\OT1/pnc/m/n/10 ron-ment.  In \OT1/pnc/m/it/10 Web and Wire-less Ge-o-graph-i-c
al In-for-ma-tion Sys-tems\OT1/pnc/m/n/10 . Lec-ture
 []


Underfull \hbox (badness 1953) in paragraph at lines 379--388
\OT1/pnc/m/n/10 Notes in Com-puter Sci-ence, Vol. 6574. Springer Berlin Hei-del
-berg, 94--108.
 []


Underfull \hbox (badness 10000) in paragraph at lines 489--495
\OT1/pnc/m/n/10 campaign / gettingaround / Documents / Stop[]for[]me[]speak[]to
[]me[]bus[]campaign[]
 []


Underfull \hbox (badness 7685) in paragraph at lines 499--505
[]\OT1/pnc/m/n/10 RNIB. 2013.  Sight Prob-lems Guide.  (2013).  []$http : / / w
ww . rnib . org . uk /
 []


Underfull \hbox (badness 10000) in paragraph at lines 509--516
[]\OT1/pnc/m/n/10 ScotRail. 2007.  On track for a pos-i-tive 'react'-ion fol-lo
w-ing in-vest-
 []


Underfull \hbox (badness 10000) in paragraph at lines 509--516
\OT1/pnc/m/n/10 ment from First Sco-tRail.  (2007).  []$http : / / www . scotra
il . co . uk / content /
 []


Underfull \vbox (badness 10000) has occurred while \output is active []

 [51])
[52] [1

] <Survey.pdf, id=936, page=1, 614.295pt x 794.97pt>
File: Survey.pdf Graphic file (type pdf)

<use Survey.pdf, page 1>
Package pdftex.def Info: Survey.pdf, page1 used on input line 1355.
(pdftex.def)             Requested size: 614.29349pt x 794.96806pt.
File: Survey.pdf Graphic file (type pdf)
 <use Survey.pdf, page 1>
Package pdftex.def Info: Survey.pdf, page1 used on input line 1355.
(pdftex.def)             Requested size: 460.72011pt x 596.22604pt.
File: Survey.pdf Graphic file (type pdf)
 <use Survey.pdf, page 1>
Package pdftex.def Info: Survey.pdf, page1 used on input line 1355.
(pdftex.def)             Requested size: 460.72011pt x 596.22604pt.
File: Survey.pdf Graphic file (type pdf)

<use Survey.pdf, page 1>
Package pdftex.def Info: Survey.pdf, page1 used on input line 1355.
(pdftex.def)             Requested size: 460.72011pt x 596.22604pt.
File: Survey.pdf Graphic file (type pdf)
 <use Survey.pdf, page 1>
Package pdftex.def Info: Survey.pdf, page1 used on input line 1355.
(pdftex.def)             Requested size: 460.72011pt x 596.22604pt.
 [2 <./Survey.pdf>]
<Survey.pdf, id=971, page=2, 614.295pt x 794.97pt>
File: Survey.pdf Graphic file (type pdf)
 <use Survey.pdf, page 2>
Package pdftex.def Info: Survey.pdf, page2 used on input line 1355.
(pdftex.def)             Requested size: 460.72011pt x 596.22604pt.
File: Survey.pdf Graphic file (type pdf)

<use Survey.pdf, page 2>
Package pdftex.def Info: Survey.pdf, page2 used on input line 1355.
(pdftex.def)             Requested size: 460.72011pt x 596.22604pt.
File: Survey.pdf Graphic file (type pdf)
 <use Survey.pdf, page 2>
Package pdftex.def Info: Survey.pdf, page2 used on input line 1355.
(pdftex.def)             Requested size: 460.72011pt x 596.22604pt.
 [3 <./Survey.pdf>]
<Survey.pdf, id=993, page=3, 614.295pt x 794.97pt>
File: Survey.pdf Graphic file (type pdf)
 <use Survey.pdf, page 3>
Package pdftex.def Info: Survey.pdf, page3 used on input line 1355.
(pdftex.def)             Requested size: 460.72011pt x 596.22604pt.
File: Survey.pdf Graphic file (type pdf)

<use Survey.pdf, page 3>
Package pdftex.def Info: Survey.pdf, page3 used on input line 1355.
(pdftex.def)             Requested size: 460.72011pt x 596.22604pt.
File: Survey.pdf Graphic file (type pdf)
 <use Survey.pdf, page 3>
Package pdftex.def Info: Survey.pdf, page3 used on input line 1355.
(pdftex.def)             Requested size: 460.72011pt x 596.22604pt.
 [4 <./Survey.pdf>]
<Survey.pdf, id=998, page=4, 614.295pt x 794.97pt>
File: Survey.pdf Graphic file (type pdf)
 <use Survey.pdf, page 4>
Package pdftex.def Info: Survey.pdf, page4 used on input line 1355.
(pdftex.def)             Requested size: 460.72011pt x 596.22604pt.
File: Survey.pdf Graphic file (type pdf)

<use Survey.pdf, page 4>
Package pdftex.def Info: Survey.pdf, page4 used on input line 1355.
(pdftex.def)             Requested size: 460.72011pt x 596.22604pt.
File: Survey.pdf Graphic file (type pdf)
 <use Survey.pdf, page 4>
Package pdftex.def Info: Survey.pdf, page4 used on input line 1355.
(pdftex.def)             Requested size: 460.72011pt x 596.22604pt.
 [5 <./Survey.pdf>]
<Survey.pdf, id=1003, page=5, 614.295pt x 794.97pt>
File: Survey.pdf Graphic file (type pdf)
 <use Survey.pdf, page 5>
Package pdftex.def Info: Survey.pdf, page5 used on input line 1355.
(pdftex.def)             Requested size: 460.72011pt x 596.22604pt.
File: Survey.pdf Graphic file (type pdf)

<use Survey.pdf, page 5>
Package pdftex.def Info: Survey.pdf, page5 used on input line 1355.
(pdftex.def)             Requested size: 460.72011pt x 596.22604pt.
File: Survey.pdf Graphic file (type pdf)
 <use Survey.pdf, page 5>
Package pdftex.def Info: Survey.pdf, page5 used on input line 1355.
(pdftex.def)             Requested size: 460.72011pt x 596.22604pt.
 [6 <./Survey.pdf>]
<Survey.pdf, id=1008, page=6, 614.295pt x 794.97pt>
File: Survey.pdf Graphic file (type pdf)
 <use Survey.pdf, page 6>
Package pdftex.def Info: Survey.pdf, page6 used on input line 1355.
(pdftex.def)             Requested size: 460.72011pt x 596.22604pt.
File: Survey.pdf Graphic file (type pdf)

<use Survey.pdf, page 6>
Package pdftex.def Info: Survey.pdf, page6 used on input line 1355.
(pdftex.def)             Requested size: 460.72011pt x 596.22604pt.
File: Survey.pdf Graphic file (type pdf)
 <use Survey.pdf, page 6>
Package pdftex.def Info: Survey.pdf, page6 used on input line 1355.
(pdftex.def)             Requested size: 460.72011pt x 596.22604pt.
 [7 <./Survey.pdf>]
<Survey.pdf, id=1013, page=7, 614.295pt x 794.97pt>
File: Survey.pdf Graphic file (type pdf)
 <use Survey.pdf, page 7>
Package pdftex.def Info: Survey.pdf, page7 used on input line 1355.
(pdftex.def)             Requested size: 460.72011pt x 596.22604pt.
File: Survey.pdf Graphic file (type pdf)

<use Survey.pdf, page 7>
Package pdftex.def Info: Survey.pdf, page7 used on input line 1355.
(pdftex.def)             Requested size: 460.72011pt x 596.22604pt.
File: Survey.pdf Graphic file (type pdf)
 <use Survey.pdf, page 7>
Package pdftex.def Info: Survey.pdf, page7 used on input line 1355.
(pdftex.def)             Requested size: 460.72011pt x 596.22604pt.
 [8 <./Survey.pdf>]
<Survey.pdf, id=1018, page=8, 614.295pt x 794.97pt>
File: Survey.pdf Graphic file (type pdf)
 <use Survey.pdf, page 8>
Package pdftex.def Info: Survey.pdf, page8 used on input line 1355.
(pdftex.def)             Requested size: 460.72011pt x 596.22604pt.
File: Survey.pdf Graphic file (type pdf)

<use Survey.pdf, page 8>
Package pdftex.def Info: Survey.pdf, page8 used on input line 1355.
(pdftex.def)             Requested size: 460.72011pt x 596.22604pt.
File: Survey.pdf Graphic file (type pdf)
 <use Survey.pdf, page 8>
Package pdftex.def Info: Survey.pdf, page8 used on input line 1355.
(pdftex.def)             Requested size: 460.72011pt x 596.22604pt.
 [9 <./Survey.pdf>]
Underfull \vbox (badness 10000) has occurred while \output is active []

 [10]
Underfull \vbox (badness 4832) has occurred while \output is active []

 [11]
<./images/updateArch.png, id=1035, 828.09375pt x 381.425pt>
File: ./images/updateArch.png Graphic file (type png)

<use ./images/updateArch.png>
Package pdftex.def Info: ./images/updateArch.png used on input line 1438.
(pdftex.def)             Requested size: 396.0pt x 182.40096pt.

Overfull \hbox (6.79999pt too wide) in paragraph at lines 1438--1439
 [][] 
 []

[12 <./images/updateArch.png>]
<./images/dataModelDesigner.png, id=1045, 691.08188pt x 369.38pt>
File: ./images/dataModelDesigner.png Graphic file (type png)

<use ./images/dataModelDesigner.png>
Package pdftex.def Info: ./images/dataModelDesigner.png used on input line 1456
.
(pdftex.def)             Requested size: 316.80121pt x 169.33067pt.
Package atveryend Info: Empty hook `BeforeClearDocument' on input line 1472.
 [13 <./images/dataModelDesigner.png>]
[14]
Package atveryend Info: Empty hook `AfterLastShipout' on input line 1472.
 (./v2-acmsmall-sample.aux)
Package atveryend Info: Executing hook `AtVeryEndDocument' on input line 1472.
Package atveryend Info: Executing hook `AtEndAfterFileList' on input line 1472.

Package rerunfilecheck Info: File `v2-acmsmall-sample.out' has not changed.
(rerunfilecheck)             Checksum: 5F407EE138B6E32FD5D067A3DC66EB3F;5607.
Package atveryend Info: Empty hook `AtVeryVeryEnd' on input line 1472.
 ) 
Here is how much of TeX's memory you used:
 11911 strings out of 493481
 175873 string characters out of 3140966
 304854 words of memory out of 3000000
 14829 multiletter control sequences out of 15000+200000
 29260 words of font info for 59 fonts, out of 3000000 for 9000
 957 hyphenation exceptions out of 8191
 41i,19n,49p,944b,557s stack positions out of 5000i,500n,10000p,200000b,50000s
{/usr/local/texlive/2012/texmf-dist/fonts/enc/dvips/base/8r.enc}</usr/local/t
exlive/2012/texmf-dist/fonts/type1/public/amsfonts/cm/cmr8.pfb></usr/local/texl
ive/2012/texmf-dist/fonts/type1/public/amsfonts/cm/cmsy10.pfb></usr/local/texli
ve/2012/texmf-dist/fonts/type1/public/amsfonts/cm/cmsy7.pfb></usr/local/texlive
/2012/texmf-dist/fonts/type1/public/amsfonts/cm/cmsy8.pfb></usr/local/texlive/2
012/texmf-dist/fonts/type1/public/amsfonts/cm/cmtt10.pfb></usr/local/texlive/20
12/texmf-dist/fonts/type1/public/amsfonts/cm/cmtt8.pfb></usr/local/texlive/2012
/texmf-dist/fonts/type1/urw/helvetic/uhvb8a.pfb></usr/local/texlive/2012/texmf-
dist/fonts/type1/urw/helvetic/uhvr8a.pfb></usr/local/texlive/2012/texmf-dist/fo
nts/type1/urw/helvetic/uhvro8a.pfb></usr/local/texlive/2012/texmf-dist/fonts/ty
pe1/urw/ncntrsbk/uncb8a.pfb></usr/local/texlive/2012/texmf-dist/fonts/type1/urw
/ncntrsbk/uncr8a.pfb></usr/local/texlive/2012/texmf-dist/fonts/type1/urw/ncntrs
bk/uncri8a.pfb>
Output written on v2-acmsmall-sample.pdf (66 pages, 14665088 bytes).
PDF statistics:
 1151 PDF objects out of 1200 (max. 8388607)
 987 compressed objects within 10 object streams
 227 named destinations out of 1000 (max. 500000)
 801 words of extra memory for PDF output out of 10000 (max. 10000000)

