\BOOKMARK [1][-]{section.1}{Introduction}{}% 1
\BOOKMARK [1][-]{section.2}{Blindness and Visual Impairment}{}% 2
\BOOKMARK [2][-]{subsection.2.1}{Issues with Bus travel}{section.2}% 3
\BOOKMARK [2][-]{subsection.2.2}{Issues with Accessibility}{section.2}% 4
\BOOKMARK [2][-]{subsection.2.3}{Navigation Assistance}{section.2}% 5
\BOOKMARK [2][-]{subsection.2.4}{Bus Travel}{section.2}% 6
\BOOKMARK [2][-]{subsection.2.5}{iOS mobile operating system}{section.2}% 7
\BOOKMARK [3][-]{subsubsection.2.5.1}{Software Development}{subsection.2.5}% 8
\BOOKMARK [3][-]{subsubsection.2.5.2}{Accessibility}{subsection.2.5}% 9
\BOOKMARK [2][-]{subsection.2.6}{Bus Service Information}{section.2}% 10
\BOOKMARK [3][-]{subsubsection.2.6.1}{MyBusTracker}{subsection.2.6}% 11
\BOOKMARK [3][-]{subsubsection.2.6.2}{National Public Transport Access Node - NaPTAN}{subsection.2.6}% 12
\BOOKMARK [1][-]{section.3}{System Architecture}{}% 13
\BOOKMARK [2][-]{subsection.3.1}{Choice of Mobile Operating System: Why iOS?}{section.3}% 14
\BOOKMARK [2][-]{subsection.3.2}{Functionality}{section.3}% 15
\BOOKMARK [3][-]{subsubsection.3.2.1}{Use Cases}{subsection.3.2}% 16
\BOOKMARK [3][-]{subsubsection.3.2.2}{Functional Requirements - iOS app}{subsection.3.2}% 17
\BOOKMARK [3][-]{subsubsection.3.2.3}{Functional Requirements - Server}{subsection.3.2}% 18
\BOOKMARK [2][-]{subsection.3.3}{Non-functional Requirements}{section.3}% 19
\BOOKMARK [3][-]{subsubsection.3.3.1}{Bus Service information}{subsection.3.3}% 20
\BOOKMARK [3][-]{subsubsection.3.3.2}{iOS App Position Accuracy}{subsection.3.3}% 21
\BOOKMARK [2][-]{subsection.3.4}{Talking Buses App Design}{section.3}% 22
\BOOKMARK [3][-]{subsubsection.3.4.1}{Design Principles}{subsection.3.4}% 23
\BOOKMARK [3][-]{subsubsection.3.4.2}{Visual Design}{subsection.3.4}% 24
\BOOKMARK [3][-]{subsubsection.3.4.3}{Interaction Design}{subsection.3.4}% 25
\BOOKMARK [1][-]{section.4}{Implementation}{}% 26
\BOOKMARK [2][-]{subsection.4.1}{Server Component}{section.4}% 27
\BOOKMARK [3][-]{subsubsection.4.1.1}{Database}{subsection.4.1}% 28
\BOOKMARK [3][-]{subsubsection.4.1.2}{Integration with MyBusTracker API}{subsection.4.1}% 29
\BOOKMARK [3][-]{subsubsection.4.1.3}{Web Services}{subsection.4.1}% 30
\BOOKMARK [2][-]{subsection.4.2}{iOS App Component}{section.4}% 31
\BOOKMARK [3][-]{subsubsection.4.2.1}{User Interface Implementation}{subsection.4.2}% 32
\BOOKMARK [3][-]{subsubsection.4.2.2}{Integration with Bus Service Information Services}{subsection.4.2}% 33
\BOOKMARK [3][-]{subsubsection.4.2.3}{Managing the Local Bus Stop Database}{subsection.4.2}% 34
\BOOKMARK [3][-]{subsubsection.4.2.4}{Finding the User's Location, and Nearby Bus Stops}{subsection.4.2}% 35
\BOOKMARK [3][-]{subsubsection.4.2.5}{Fetching Real-time Bus Service Information}{subsection.4.2}% 36
\BOOKMARK [1][-]{section.5}{Iteration}{}% 37
\BOOKMARK [2][-]{subsection.5.1}{Formative Evaluation}{section.5}% 38
\BOOKMARK [3][-]{subsubsection.5.1.1}{Product Iteration}{subsection.5.1}% 39
\BOOKMARK [2][-]{subsection.5.2}{First Iteration}{section.5}% 40
\BOOKMARK [3][-]{subsubsection.5.2.1}{Feature Request: Favourite Bus Stops}{subsection.5.2}% 41
\BOOKMARK [3][-]{subsubsection.5.2.2}{Database Technology: MongoDB}{subsection.5.2}% 42
\BOOKMARK [3][-]{subsubsection.5.2.3}{Higher Quality Bus Stop Information - NaPTAN}{subsection.5.2}% 43
\BOOKMARK [3][-]{subsubsection.5.2.4}{Server Component Update Process}{subsection.5.2}% 44
\BOOKMARK [2][-]{subsection.5.3}{Second Iteration}{section.5}% 45
\BOOKMARK [3][-]{subsubsection.5.3.1}{iOS Bus Stop Storage - CoreData}{subsection.5.3}% 46
\BOOKMARK [3][-]{subsubsection.5.3.2}{Feature Request: Searching for Bus Stops}{subsection.5.3}% 47
\BOOKMARK [3][-]{subsubsection.5.3.3}{Grouping of Bus Services When Checking Arrival Times}{subsection.5.3}% 48
\BOOKMARK [3][-]{subsubsection.5.3.4}{GPS Smoothing}{subsection.5.3}% 49
\BOOKMARK [2][-]{subsection.5.4}{Summative Evaluation}{section.5}% 50
\BOOKMARK [2][-]{subsection.5.5}{Tasks}{section.5}% 51
\BOOKMARK [2][-]{subsection.5.6}{Designer Evaluation - Heuristic Evaluation}{section.5}% 52
\BOOKMARK [3][-]{subsubsection.5.6.1}{Method}{subsection.5.6}% 53
\BOOKMARK [3][-]{subsubsection.5.6.2}{Results}{subsection.5.6}% 54
\BOOKMARK [3][-]{subsubsection.5.6.3}{Summary}{subsection.5.6}% 55
\BOOKMARK [2][-]{subsection.5.7}{User Evaluation - Cooperative Evaluation}{section.5}% 56
\BOOKMARK [3][-]{subsubsection.5.7.1}{Method}{subsection.5.7}% 57
\BOOKMARK [3][-]{subsubsection.5.7.2}{Results}{subsection.5.7}% 58
\BOOKMARK [3][-]{subsubsection.5.7.3}{Summary}{subsection.5.7}% 59
\BOOKMARK [1][-]{section.6}{Conclusions and Discussion}{}% 60
\BOOKMARK [2][-]{subsection.6.1}{Conclusions}{section.6}% 61
