\BOOKMARK [1][-]{section.1}{Introduction}{}% 1
\BOOKMARK [2][-]{subsection.1.1}{Problem Context}{section.1}% 2
\BOOKMARK [2][-]{subsection.1.2}{Project Purpose}{section.1}% 3
\BOOKMARK [2][-]{subsection.1.3}{Previous Work Carried Out}{section.1}% 4
\BOOKMARK [2][-]{subsection.1.4}{Contributions Made}{section.1}% 5
\BOOKMARK [2][-]{subsection.1.5}{Structure of this Dissertation}{section.1}% 6
\BOOKMARK [1][-]{section.2}{Background}{}% 7
\BOOKMARK [2][-]{subsection.2.1}{Blindness and Visual Impairment}{section.2}% 8
\BOOKMARK [3][-]{subsubsection.2.1.1}{Issues with Bus travel}{subsection.2.1}% 9
\BOOKMARK [3][-]{subsubsection.2.1.2}{Issues with Accessibility}{subsection.2.1}% 10
\BOOKMARK [2][-]{subsection.2.2}{Navigation Assistance}{section.2}% 11
\BOOKMARK [3][-]{subsubsection.2.2.1}{Sendero}{subsection.2.2}% 12
\BOOKMARK [3][-]{subsubsection.2.2.2}{AriadneGPS}{subsection.2.2}% 13
\BOOKMARK [3][-]{subsubsection.2.2.3}{BlindSquare}{subsection.2.2}% 14
\BOOKMARK [2][-]{subsection.2.3}{Bus Travel}{section.2}% 15
\BOOKMARK [3][-]{subsubsection.2.3.1}{EdinBus}{subsection.2.3}% 16
\BOOKMARK [3][-]{subsubsection.2.3.2}{Lothian Buses Official App}{subsection.2.3}% 17
\BOOKMARK [3][-]{subsubsection.2.3.3}{Mexico City - Metrobus}{subsection.2.3}% 18
\BOOKMARK [3][-]{subsubsection.2.3.4}{React Talking Bus Stops}{subsection.2.3}% 19
\BOOKMARK [3][-]{subsubsection.2.3.5}{Scot Talk}{subsection.2.3}% 20
\BOOKMARK [2][-]{subsection.2.4}{iOS mobile operating system}{section.2}% 21
\BOOKMARK [3][-]{subsubsection.2.4.1}{iOS Accessibility}{subsection.2.4}% 22
\BOOKMARK [2][-]{subsection.2.5}{Bus Service Information}{section.2}% 23
\BOOKMARK [3][-]{subsubsection.2.5.1}{MyBusTracker}{subsection.2.5}% 24
\BOOKMARK [3][-]{subsubsection.2.5.2}{National Public Transport Access Node - NaPTAN}{subsection.2.5}% 25
\BOOKMARK [1][-]{section.3}{Design}{}% 26
\BOOKMARK [2][-]{subsection.3.1}{System Architecture}{section.3}% 27
\BOOKMARK [2][-]{subsection.3.2}{Choice of Mobile Operating System: Why iOS?}{section.3}% 28
\BOOKMARK [2][-]{subsection.3.3}{Functionality}{section.3}% 29
\BOOKMARK [3][-]{subsubsection.3.3.1}{Functional Requirements - iOS app}{subsection.3.3}% 30
\BOOKMARK [3][-]{subsubsection.3.3.2}{Functional Requirements - Server}{subsection.3.3}% 31
\BOOKMARK [2][-]{subsection.3.4}{Non-functional Requirements}{section.3}% 32
\BOOKMARK [3][-]{subsubsection.3.4.1}{Bus Service information}{subsection.3.4}% 33
\BOOKMARK [3][-]{subsubsection.3.4.2}{iOS App Position Accuracy}{subsection.3.4}% 34
\BOOKMARK [2][-]{subsection.3.5}{Talking Buses App Design}{section.3}% 35
\BOOKMARK [3][-]{subsubsection.3.5.1}{Design Principles}{subsection.3.5}% 36
\BOOKMARK [3][-]{subsubsection.3.5.2}{Visual Design}{subsection.3.5}% 37
\BOOKMARK [3][-]{subsubsection.3.5.3}{Interaction Design}{subsection.3.5}% 38
\BOOKMARK [1][-]{section.4}{Implementation}{}% 39
\BOOKMARK [2][-]{subsection.4.1}{Server Component}{section.4}% 40
\BOOKMARK [3][-]{subsubsection.4.1.1}{Database}{subsection.4.1}% 41
\BOOKMARK [3][-]{subsubsection.4.1.2}{Integration with MyBusTracker API}{subsection.4.1}% 42
\BOOKMARK [3][-]{subsubsection.4.1.3}{Web Services}{subsection.4.1}% 43
\BOOKMARK [2][-]{subsection.4.2}{iOS App Component}{section.4}% 44
\BOOKMARK [3][-]{subsubsection.4.2.1}{User Interface Implementation}{subsection.4.2}% 45
\BOOKMARK [3][-]{subsubsection.4.2.2}{Integration with Bus Service Information Services}{subsection.4.2}% 46
\BOOKMARK [3][-]{subsubsection.4.2.3}{Managing the Local Bus Stop Database}{subsection.4.2}% 47
\BOOKMARK [3][-]{subsubsection.4.2.4}{Finding the User's Location, and Nearby Bus Stops}{subsection.4.2}% 48
\BOOKMARK [3][-]{subsubsection.4.2.5}{Fetching Real-time Bus Service Information}{subsection.4.2}% 49
\BOOKMARK [1][-]{section.5}{Iteration}{}% 50
\BOOKMARK [2][-]{subsection.5.1}{Formative Evaluation}{section.5}% 51
\BOOKMARK [3][-]{subsubsection.5.1.1}{Product Iteration}{subsection.5.1}% 52
\BOOKMARK [2][-]{subsection.5.2}{First Iteration}{section.5}% 53
\BOOKMARK [3][-]{subsubsection.5.2.1}{Feature Request: Favourite Bus Stops}{subsection.5.2}% 54
\BOOKMARK [3][-]{subsubsection.5.2.2}{Higher Quality Bus Stop Information - NaPTAN}{subsection.5.2}% 55
\BOOKMARK [2][-]{subsection.5.3}{Second Iteration}{section.5}% 56
\BOOKMARK [3][-]{subsubsection.5.3.1}{Feature Request: Searching for Bus Stops}{subsection.5.3}% 57
\BOOKMARK [3][-]{subsubsection.5.3.2}{Grouping of Bus Services When Checking Arrival Times}{subsection.5.3}% 58
\BOOKMARK [3][-]{subsubsection.5.3.3}{GPS Smoothing}{subsection.5.3}% 59
\BOOKMARK [2][-]{subsection.5.4}{Summative Evaluation}{section.5}% 60
\BOOKMARK [2][-]{subsection.5.5}{Tasks}{section.5}% 61
\BOOKMARK [2][-]{subsection.5.6}{Designer Evaluation - Heuristic Evaluation}{section.5}% 62
\BOOKMARK [3][-]{subsubsection.5.6.1}{Method}{subsection.5.6}% 63
\BOOKMARK [3][-]{subsubsection.5.6.2}{Results}{subsection.5.6}% 64
\BOOKMARK [3][-]{subsubsection.5.6.3}{Summary}{subsection.5.6}% 65
\BOOKMARK [2][-]{subsection.5.7}{User Evaluation - Cooperative Evaluation}{section.5}% 66
\BOOKMARK [3][-]{subsubsection.5.7.1}{Method}{subsection.5.7}% 67
\BOOKMARK [3][-]{subsubsection.5.7.2}{Results}{subsection.5.7}% 68
\BOOKMARK [3][-]{subsubsection.5.7.3}{Summary}{subsection.5.7}% 69
\BOOKMARK [1][-]{section.6}{Conclusions and Discussion}{}% 70
\BOOKMARK [2][-]{subsection.6.1}{Conclusions}{section.6}% 71
\BOOKMARK [1][-]{section.A}{Evaluation Survey}{}% 72
\BOOKMARK [1][-]{section.B}{Use Cases}{}% 73
\BOOKMARK [1][-]{section.C}{Server Component Update Process}{}% 74
\BOOKMARK [1][-]{section.D}{iOS Bus Stop Storage - CoreData}{}% 75
